#! /opt/homebrew/Cellar/icarus-verilog/13.0/bin/vvp
:ivl_version "13.0 (stable)" "(v13_0)";
:ivl_delay_selection "TYPICAL";
:vpi_time_precision - 12;
:vpi_module "/opt/homebrew/Cellar/icarus-verilog/13.0/lib/ivl/system.vpi";
:vpi_module "/opt/homebrew/Cellar/icarus-verilog/13.0/lib/ivl/vhdl_sys.vpi";
:vpi_module "/opt/homebrew/Cellar/icarus-verilog/13.0/lib/ivl/vhdl_textio.vpi";
:vpi_module "/opt/homebrew/Cellar/icarus-verilog/13.0/lib/ivl/v2005_math.vpi";
:vpi_module "/opt/homebrew/Cellar/icarus-verilog/13.0/lib/ivl/va_math.vpi";
S_0x105235070 .scope module, "tb_USR" "tb_USR" 2 3;
 .timescale -9 -12;
v0xa44c46300_0 .var "a0", 0 0;
v0xa44c463a0_0 .var "a1", 0 0;
v0xa44c46440_0 .var "a2", 0 0;
v0xa44c464e0_0 .var "a3", 0 0;
v0xa44c46580_0 .var "clk", 0 0;
v0xa44c46620_0 .net "q0", 0 0, L_0xa45060320;  1 drivers
v0xa44c466c0_0 .net "q1", 0 0, L_0xa45060280;  1 drivers
v0xa44c46760_0 .net "q2", 0 0, L_0xa450601e0;  1 drivers
v0xa44c46800_0 .net "q3", 0 0, L_0xa45060140;  1 drivers
v0xa44c468a0_0 .var "sel0", 0 0;
v0xa44c46940_0 .var "sel1", 0 0;
S_0x1052351f0 .scope module, "uut" "USR" 2 12, 3 1 0, S_0x105235070;
 .timescale 0 0;
    .port_info 0 /INPUT 1 "clk";
    .port_info 1 /INPUT 1 "sel0";
    .port_info 2 /INPUT 1 "sel1";
    .port_info 3 /INPUT 1 "a0";
    .port_info 4 /INPUT 1 "a1";
    .port_info 5 /INPUT 1 "a2";
    .port_info 6 /INPUT 1 "a3";
    .port_info 7 /OUTPUT 1 "q0";
    .port_info 8 /OUTPUT 1 "q1";
    .port_info 9 /OUTPUT 1 "q2";
    .port_info 10 /OUTPUT 1 "q3";
L_0x10523fd00 .functor BUFZ 4, L_0xa45088000, C4<0000>, C4<0000>, C4<0000>;
v0xa44c459a0_0 .net *"_ivl_11", 3 0, L_0x10523fd70;  1 drivers
v0xa44c45a40_0 .net *"_ivl_6", 3 0, L_0x10523fd00;  1 drivers
v0xa44c45ae0_0 .net "a0", 0 0, v0xa44c46300_0;  1 drivers
v0xa44c45b80_0 .net "a1", 0 0, v0xa44c463a0_0;  1 drivers
v0xa44c45c20_0 .net "a2", 0 0, v0xa44c46440_0;  1 drivers
v0xa44c45cc0_0 .net "a3", 0 0, v0xa44c464e0_0;  1 drivers
v0xa44c45d60_0 .net "clk", 0 0, v0xa44c46580_0;  1 drivers
v0xa44c45e00_0 .net "dff_out", 4 1, L_0xa45088000;  1 drivers
v0xa44c45ea0_0 .net "mux_out", 4 1, L_0xa450880a0;  1 drivers
v0xa44c45f40_0 .net "q0", 0 0, L_0xa45060320;  alias, 1 drivers
v0xa44c45fe0_0 .net "q1", 0 0, L_0xa45060280;  alias, 1 drivers
v0xa44c46080_0 .net "q2", 0 0, L_0xa450601e0;  alias, 1 drivers
v0xa44c46120_0 .net "q3", 0 0, L_0xa45060140;  alias, 1 drivers
v0xa44c461c0_0 .net "sel0", 0 0, v0xa44c468a0_0;  1 drivers
v0xa44c46260_0 .net "sel1", 0 0, v0xa44c46940_0;  1 drivers
L_0xa45060140 .part L_0x10523fd00, 3, 1;
L_0xa450601e0 .part L_0x10523fd00, 2, 1;
L_0xa45060280 .part L_0x10523fd00, 1, 1;
L_0xa45060320 .part L_0x10523fd00, 0, 1;
L_0xa450603c0 .part L_0xa450880a0, 0, 1;
L_0xa45060460 .part L_0xa450880a0, 1, 1;
L_0xa45060500 .part L_0xa450880a0, 2, 1;
L_0xa450605a0 .part L_0xa450880a0, 3, 1;
L_0x10523fd70 .concat [ 1 1 1 1], v0xa44c46580_0, v0xa44c46580_0, v0xa44c46580_0, v0xa44c46580_0;
L_0xa45060640 .part L_0x10523fd70, 0, 1;
L_0xa450606e0 .part L_0x10523fd70, 1, 1;
L_0xa45060780 .part L_0x10523fd70, 2, 1;
L_0xa45060820 .part L_0x10523fd70, 3, 1;
L_0xa45088000 .concat [ 1 1 1 1], v0xa44c44140_0, v0xa44c44320_0, v0xa44c44500_0, v0xa44c446e0_0;
L_0xa450608c0 .part L_0xa45088000, 0, 1;
L_0xa45060960 .part L_0xa45088000, 1, 1;
L_0xa45060a00 .part L_0xa45088000, 1, 1;
L_0xa45060aa0 .part L_0xa45088000, 0, 1;
L_0xa45060b40 .part L_0xa45088000, 2, 1;
L_0xa45060be0 .part L_0xa45088000, 2, 1;
L_0xa45060c80 .part L_0xa45088000, 1, 1;
L_0xa45060d20 .part L_0xa45088000, 3, 1;
L_0xa45060dc0 .part L_0xa45088000, 3, 1;
L_0xa45060e60 .part L_0xa45088000, 2, 1;
L_0xa450880a0 .concat8 [ 1 1 1 1], v0xa44c44aa0_0, v0xa44c44f00_0, v0xa44c45360_0, v0xa44c457c0_0;
S_0x1052321f0 .scope module, "dff[1]" "DFF" 3 7, 4 1 0, S_0x1052351f0;
 .timescale 0 0;
    .port_info 0 /INPUT 1 "D";
    .port_info 1 /INPUT 1 "clk";
    .port_info 2 /OUTPUT 1 "Q";
v0xa44c440a0_0 .net "D", 0 0, L_0xa450603c0;  1 drivers
v0xa44c44140_0 .var "Q", 0 0;
v0xa44c441e0_0 .net "clk", 0 0, L_0xa45060640;  1 drivers
E_0xa4505ca80 .event posedge, v0xa44c441e0_0;
S_0x105238630 .scope module, "dff[2]" "DFF" 3 7, 4 1 0, S_0x1052351f0;
 .timescale 0 0;
    .port_info 0 /INPUT 1 "D";
    .port_info 1 /INPUT 1 "clk";
    .port_info 2 /OUTPUT 1 "Q";
v0xa44c44280_0 .net "D", 0 0, L_0xa45060460;  1 drivers
v0xa44c44320_0 .var "Q", 0 0;
v0xa44c443c0_0 .net "clk", 0 0, L_0xa450606e0;  1 drivers
E_0xa4505cac0 .event posedge, v0xa44c443c0_0;
S_0x105230020 .scope module, "dff[3]" "DFF" 3 7, 4 1 0, S_0x1052351f0;
 .timescale 0 0;
    .port_info 0 /INPUT 1 "D";
    .port_info 1 /INPUT 1 "clk";
    .port_info 2 /OUTPUT 1 "Q";
v0xa44c44460_0 .net "D", 0 0, L_0xa45060500;  1 drivers
v0xa44c44500_0 .var "Q", 0 0;
v0xa44c445a0_0 .net "clk", 0 0, L_0xa45060780;  1 drivers
E_0xa4505cb00 .event posedge, v0xa44c445a0_0;
S_0x1052301a0 .scope module, "dff[4]" "DFF" 3 7, 4 1 0, S_0x1052351f0;
 .timescale 0 0;
    .port_info 0 /INPUT 1 "D";
    .port_info 1 /INPUT 1 "clk";
    .port_info 2 /OUTPUT 1 "Q";
v0xa44c44640_0 .net "D", 0 0, L_0xa450605a0;  1 drivers
v0xa44c446e0_0 .var "Q", 0 0;
v0xa44c44780_0 .net "clk", 0 0, L_0xa45060820;  1 drivers
E_0xa4505cb40 .event posedge, v0xa44c44780_0;
S_0x1052406a0 .scope module, "mux1" "MUX4to1" 3 9, 5 1 0, S_0x1052351f0;
 .timescale -9 -12;
    .port_info 0 /INPUT 1 "a";
    .port_info 1 /INPUT 1 "b";
    .port_info 2 /INPUT 1 "c";
    .port_info 3 /INPUT 1 "d";
    .port_info 4 /INPUT 1 "s0";
    .port_info 5 /INPUT 1 "s1";
    .port_info 6 /OUTPUT 1 "out";
v0xa44c44820_0 .net "a", 0 0, L_0xa450608c0;  1 drivers
L_0xa45454010 .functor BUFT 1, C4<0>, C4<0>, C4<0>, C4<0>;
v0xa44c448c0_0 .net "b", 0 0, L_0xa45454010;  1 drivers
v0xa44c44960_0 .net "c", 0 0, L_0xa45060960;  1 drivers
v0xa44c44a00_0 .net "d", 0 0, v0xa44c46300_0;  alias, 1 drivers
v0xa44c44aa0_0 .var "out", 0 0;
v0xa44c44b40_0 .net "s0", 0 0, v0xa44c468a0_0;  alias, 1 drivers
v0xa44c44be0_0 .net "s1", 0 0, v0xa44c46940_0;  alias, 1 drivers
E_0xa4505cb80/0 .event anyedge, v0xa44c44be0_0, v0xa44c44b40_0, v0xa44c44820_0, v0xa44c448c0_0;
E_0xa4505cb80/1 .event anyedge, v0xa44c44960_0, v0xa44c44a00_0;
E_0xa4505cb80 .event/or E_0xa4505cb80/0, E_0xa4505cb80/1;
S_0x105240820 .scope module, "mux2" "MUX4to1" 3 10, 5 1 0, S_0x1052351f0;
 .timescale -9 -12;
    .port_info 0 /INPUT 1 "a";
    .port_info 1 /INPUT 1 "b";
    .port_info 2 /INPUT 1 "c";
    .port_info 3 /INPUT 1 "d";
    .port_info 4 /INPUT 1 "s0";
    .port_info 5 /INPUT 1 "s1";
    .port_info 6 /OUTPUT 1 "out";
v0xa44c44c80_0 .net "a", 0 0, L_0xa45060a00;  1 drivers
v0xa44c44d20_0 .net "b", 0 0, L_0xa45060aa0;  1 drivers
v0xa44c44dc0_0 .net "c", 0 0, L_0xa45060b40;  1 drivers
v0xa44c44e60_0 .net "d", 0 0, v0xa44c463a0_0;  alias, 1 drivers
v0xa44c44f00_0 .var "out", 0 0;
v0xa44c44fa0_0 .net "s0", 0 0, v0xa44c468a0_0;  alias, 1 drivers
v0xa44c45040_0 .net "s1", 0 0, v0xa44c46940_0;  alias, 1 drivers
E_0xa4505cbc0/0 .event anyedge, v0xa44c44be0_0, v0xa44c44b40_0, v0xa44c44c80_0, v0xa44c44d20_0;
E_0xa4505cbc0/1 .event anyedge, v0xa44c44dc0_0, v0xa44c44e60_0;
E_0xa4505cbc0 .event/or E_0xa4505cbc0/0, E_0xa4505cbc0/1;
S_0x10523f920 .scope module, "mux3" "MUX4to1" 3 11, 5 1 0, S_0x1052351f0;
 .timescale -9 -12;
    .port_info 0 /INPUT 1 "a";
    .port_info 1 /INPUT 1 "b";
    .port_info 2 /INPUT 1 "c";
    .port_info 3 /INPUT 1 "d";
    .port_info 4 /INPUT 1 "s0";
    .port_info 5 /INPUT 1 "s1";
    .port_info 6 /OUTPUT 1 "out";
v0xa44c450e0_0 .net "a", 0 0, L_0xa45060be0;  1 drivers
v0xa44c45180_0 .net "b", 0 0, L_0xa45060c80;  1 drivers
v0xa44c45220_0 .net "c", 0 0, L_0xa45060d20;  1 drivers
v0xa44c452c0_0 .net "d", 0 0, v0xa44c46440_0;  alias, 1 drivers
v0xa44c45360_0 .var "out", 0 0;
v0xa44c45400_0 .net "s0", 0 0, v0xa44c468a0_0;  alias, 1 drivers
v0xa44c454a0_0 .net "s1", 0 0, v0xa44c46940_0;  alias, 1 drivers
E_0xa4505cc00/0 .event anyedge, v0xa44c44be0_0, v0xa44c44b40_0, v0xa44c450e0_0, v0xa44c45180_0;
E_0xa4505cc00/1 .event anyedge, v0xa44c45220_0, v0xa44c452c0_0;
E_0xa4505cc00 .event/or E_0xa4505cc00/0, E_0xa4505cc00/1;
S_0x10523faa0 .scope module, "mux4" "MUX4to1" 3 12, 5 1 0, S_0x1052351f0;
 .timescale -9 -12;
    .port_info 0 /INPUT 1 "a";
    .port_info 1 /INPUT 1 "b";
    .port_info 2 /INPUT 1 "c";
    .port_info 3 /INPUT 1 "d";
    .port_info 4 /INPUT 1 "s0";
    .port_info 5 /INPUT 1 "s1";
    .port_info 6 /OUTPUT 1 "out";
v0xa44c45540_0 .net "a", 0 0, L_0xa45060dc0;  1 drivers
v0xa44c455e0_0 .net "b", 0 0, L_0xa45060e60;  1 drivers
L_0xa45454058 .functor BUFT 1, C4<0>, C4<0>, C4<0>, C4<0>;
v0xa44c45680_0 .net "c", 0 0, L_0xa45454058;  1 drivers
v0xa44c45720_0 .net "d", 0 0, v0xa44c464e0_0;  alias, 1 drivers
v0xa44c457c0_0 .var "out", 0 0;
v0xa44c45860_0 .net "s0", 0 0, v0xa44c468a0_0;  alias, 1 drivers
v0xa44c45900_0 .net "s1", 0 0, v0xa44c46940_0;  alias, 1 drivers
E_0xa4505cc40/0 .event anyedge, v0xa44c44be0_0, v0xa44c44b40_0, v0xa44c45540_0, v0xa44c455e0_0;
E_0xa4505cc40/1 .event anyedge, v0xa44c45680_0, v0xa44c45720_0;
E_0xa4505cc40 .event/or E_0xa4505cc40/0, E_0xa4505cc40/1;
    .scope S_0x1052321f0;
T_0 ;
    %wait E_0xa4505ca80;
    %load/vec4 v0xa44c440a0_0;
    %assign/vec4 v0xa44c44140_0, 0;
    %jmp T_0;
    .thread T_0;
    .scope S_0x105238630;
T_1 ;
    %wait E_0xa4505cac0;
    %load/vec4 v0xa44c44280_0;
    %assign/vec4 v0xa44c44320_0, 0;
    %jmp T_1;
    .thread T_1;
    .scope S_0x105230020;
T_2 ;
    %wait E_0xa4505cb00;
    %load/vec4 v0xa44c44460_0;
    %assign/vec4 v0xa44c44500_0, 0;
    %jmp T_2;
    .thread T_2;
    .scope S_0x1052301a0;
T_3 ;
    %wait E_0xa4505cb40;
    %load/vec4 v0xa44c44640_0;
    %assign/vec4 v0xa44c446e0_0, 0;
    %jmp T_3;
    .thread T_3;
    .scope S_0x1052406a0;
T_4 ;
    %wait E_0xa4505cb80;
    %load/vec4 v0xa44c44be0_0;
    %load/vec4 v0xa44c44b40_0;
    %concat/vec4; draw_concat_vec4
    %dup/vec4;
    %pushi/vec4 0, 0, 2;
    %cmp/u;
    %jmp/1 T_4.0, 6;
    %dup/vec4;
    %pushi/vec4 1, 0, 2;
    %cmp/u;
    %jmp/1 T_4.1, 6;
    %dup/vec4;
    %pushi/vec4 2, 0, 2;
    %cmp/u;
    %jmp/1 T_4.2, 6;
    %dup/vec4;
    %pushi/vec4 3, 0, 2;
    %cmp/u;
    %jmp/1 T_4.3, 6;
    %pushi/vec4 0, 0, 1;
    %store/vec4 v0xa44c44aa0_0, 0, 1;
    %jmp T_4.5;
T_4.0 ;
    %load/vec4 v0xa44c44820_0;
    %store/vec4 v0xa44c44aa0_0, 0, 1;
    %jmp T_4.5;
T_4.1 ;
    %load/vec4 v0xa44c448c0_0;
    %store/vec4 v0xa44c44aa0_0, 0, 1;
    %jmp T_4.5;
T_4.2 ;
    %load/vec4 v0xa44c44960_0;
    %store/vec4 v0xa44c44aa0_0, 0, 1;
    %jmp T_4.5;
T_4.3 ;
    %load/vec4 v0xa44c44a00_0;
    %store/vec4 v0xa44c44aa0_0, 0, 1;
    %jmp T_4.5;
T_4.5 ;
    %pop/vec4 1;
    %jmp T_4;
    .thread T_4, $push;
    .scope S_0x105240820;
T_5 ;
    %wait E_0xa4505cbc0;
    %load/vec4 v0xa44c45040_0;
    %load/vec4 v0xa44c44fa0_0;
    %concat/vec4; draw_concat_vec4
    %dup/vec4;
    %pushi/vec4 0, 0, 2;
    %cmp/u;
    %jmp/1 T_5.0, 6;
    %dup/vec4;
    %pushi/vec4 1, 0, 2;
    %cmp/u;
    %jmp/1 T_5.1, 6;
    %dup/vec4;
    %pushi/vec4 2, 0, 2;
    %cmp/u;
    %jmp/1 T_5.2, 6;
    %dup/vec4;
    %pushi/vec4 3, 0, 2;
    %cmp/u;
    %jmp/1 T_5.3, 6;
    %pushi/vec4 0, 0, 1;
    %store/vec4 v0xa44c44f00_0, 0, 1;
    %jmp T_5.5;
T_5.0 ;
    %load/vec4 v0xa44c44c80_0;
    %store/vec4 v0xa44c44f00_0, 0, 1;
    %jmp T_5.5;
T_5.1 ;
    %load/vec4 v0xa44c44d20_0;
    %store/vec4 v0xa44c44f00_0, 0, 1;
    %jmp T_5.5;
T_5.2 ;
    %load/vec4 v0xa44c44dc0_0;
    %store/vec4 v0xa44c44f00_0, 0, 1;
    %jmp T_5.5;
T_5.3 ;
    %load/vec4 v0xa44c44e60_0;
    %store/vec4 v0xa44c44f00_0, 0, 1;
    %jmp T_5.5;
T_5.5 ;
    %pop/vec4 1;
    %jmp T_5;
    .thread T_5, $push;
    .scope S_0x10523f920;
T_6 ;
    %wait E_0xa4505cc00;
    %load/vec4 v0xa44c454a0_0;
    %load/vec4 v0xa44c45400_0;
    %concat/vec4; draw_concat_vec4
    %dup/vec4;
    %pushi/vec4 0, 0, 2;
    %cmp/u;
    %jmp/1 T_6.0, 6;
    %dup/vec4;
    %pushi/vec4 1, 0, 2;
    %cmp/u;
    %jmp/1 T_6.1, 6;
    %dup/vec4;
    %pushi/vec4 2, 0, 2;
    %cmp/u;
    %jmp/1 T_6.2, 6;
    %dup/vec4;
    %pushi/vec4 3, 0, 2;
    %cmp/u;
    %jmp/1 T_6.3, 6;
    %pushi/vec4 0, 0, 1;
    %store/vec4 v0xa44c45360_0, 0, 1;
    %jmp T_6.5;
T_6.0 ;
    %load/vec4 v0xa44c450e0_0;
    %store/vec4 v0xa44c45360_0, 0, 1;
    %jmp T_6.5;
T_6.1 ;
    %load/vec4 v0xa44c45180_0;
    %store/vec4 v0xa44c45360_0, 0, 1;
    %jmp T_6.5;
T_6.2 ;
    %load/vec4 v0xa44c45220_0;
    %store/vec4 v0xa44c45360_0, 0, 1;
    %jmp T_6.5;
T_6.3 ;
    %load/vec4 v0xa44c452c0_0;
    %store/vec4 v0xa44c45360_0, 0, 1;
    %jmp T_6.5;
T_6.5 ;
    %pop/vec4 1;
    %jmp T_6;
    .thread T_6, $push;
    .scope S_0x10523faa0;
T_7 ;
    %wait E_0xa4505cc40;
    %load/vec4 v0xa44c45900_0;
    %load/vec4 v0xa44c45860_0;
    %concat/vec4; draw_concat_vec4
    %dup/vec4;
    %pushi/vec4 0, 0, 2;
    %cmp/u;
    %jmp/1 T_7.0, 6;
    %dup/vec4;
    %pushi/vec4 1, 0, 2;
    %cmp/u;
    %jmp/1 T_7.1, 6;
    %dup/vec4;
    %pushi/vec4 2, 0, 2;
    %cmp/u;
    %jmp/1 T_7.2, 6;
    %dup/vec4;
    %pushi/vec4 3, 0, 2;
    %cmp/u;
    %jmp/1 T_7.3, 6;
    %pushi/vec4 0, 0, 1;
    %store/vec4 v0xa44c457c0_0, 0, 1;
    %jmp T_7.5;
T_7.0 ;
    %load/vec4 v0xa44c45540_0;
    %store/vec4 v0xa44c457c0_0, 0, 1;
    %jmp T_7.5;
T_7.1 ;
    %load/vec4 v0xa44c455e0_0;
    %store/vec4 v0xa44c457c0_0, 0, 1;
    %jmp T_7.5;
T_7.2 ;
    %load/vec4 v0xa44c45680_0;
    %store/vec4 v0xa44c457c0_0, 0, 1;
    %jmp T_7.5;
T_7.3 ;
    %load/vec4 v0xa44c45720_0;
    %store/vec4 v0xa44c457c0_0, 0, 1;
    %jmp T_7.5;
T_7.5 ;
    %pop/vec4 1;
    %jmp T_7;
    .thread T_7, $push;
    .scope S_0x105235070;
T_8 ;
    %pushi/vec4 0, 0, 1;
    %store/vec4 v0xa44c46580_0, 0, 1;
T_8.0 ;
    %delay 5000, 0;
    %load/vec4 v0xa44c46580_0;
    %inv;
    %store/vec4 v0xa44c46580_0, 0, 1;
    %jmp T_8.0;
T_8.1 ;
    %end;
    .thread T_8;
    .scope S_0x105235070;
T_9 ;
    %vpi_call 2 29 "$dumpfile", "usr_waveforms.vcd" {0 0 0};
    %vpi_call 2 30 "$dumpvars", 32'sb00000000000000000000000000000000, S_0x105235070 {0 0 0};
    %pushi/vec4 0, 0, 1;
    %store/vec4 v0xa44c46940_0, 0, 1;
    %pushi/vec4 0, 0, 1;
    %store/vec4 v0xa44c468a0_0, 0, 1;
    %pushi/vec4 0, 0, 1;
    %store/vec4 v0xa44c46300_0, 0, 1;
    %pushi/vec4 0, 0, 1;
    %store/vec4 v0xa44c463a0_0, 0, 1;
    %pushi/vec4 0, 0, 1;
    %store/vec4 v0xa44c46440_0, 0, 1;
    %pushi/vec4 0, 0, 1;
    %store/vec4 v0xa44c464e0_0, 0, 1;
    %delay 10000, 0;
    %vpi_call 2 40 "$display", "Time\011 S1 S0\011 A0A1A2A3\011 Q0Q1Q2Q3\011 Operation" {0 0 0};
    %vpi_call 2 41 "$display", "-------------------------------------------------------------------" {0 0 0};
    %pushi/vec4 1, 0, 1;
    %store/vec4 v0xa44c46940_0, 0, 1;
    %pushi/vec4 1, 0, 1;
    %store/vec4 v0xa44c468a0_0, 0, 1;
    %pushi/vec4 1, 0, 1;
    %store/vec4 v0xa44c464e0_0, 0, 1;
    %pushi/vec4 0, 0, 1;
    %store/vec4 v0xa44c46440_0, 0, 1;
    %pushi/vec4 1, 0, 1;
    %store/vec4 v0xa44c463a0_0, 0, 1;
    %pushi/vec4 1, 0, 1;
    %store/vec4 v0xa44c46300_0, 0, 1;
    %delay 10000, 0;
    %vpi_call 2 48 "$display", "%0t\011 %b  %b \011 %b%b%b%b\011\011 %b%b%b%b\011\011 Parallel Load", $time, v0xa44c46940_0, v0xa44c468a0_0, v0xa44c46300_0, v0xa44c463a0_0, v0xa44c46440_0, v0xa44c464e0_0, v0xa44c46620_0, v0xa44c466c0_0, v0xa44c46760_0, v0xa44c46800_0 {0 0 0};
    %pushi/vec4 0, 0, 1;
    %store/vec4 v0xa44c46940_0, 0, 1;
    %pushi/vec4 0, 0, 1;
    %store/vec4 v0xa44c468a0_0, 0, 1;
    %delay 10000, 0;
    %vpi_call 2 54 "$display", "%0t\011 %b  %b \011 %b%b%b%b\011\011 %b%b%b%b\011\011 No Change", $time, v0xa44c46940_0, v0xa44c468a0_0, v0xa44c46300_0, v0xa44c463a0_0, v0xa44c46440_0, v0xa44c464e0_0, v0xa44c46620_0, v0xa44c466c0_0, v0xa44c46760_0, v0xa44c46800_0 {0 0 0};
    %pushi/vec4 0, 0, 1;
    %store/vec4 v0xa44c46940_0, 0, 1;
    %pushi/vec4 1, 0, 1;
    %store/vec4 v0xa44c468a0_0, 0, 1;
    %delay 10000, 0;
    %vpi_call 2 59 "$display", "%0t\011 %b  %b \011 ----\011\011 %b%b%b%b\011\011 Shift Right 1", $time, v0xa44c46940_0, v0xa44c468a0_0, v0xa44c46620_0, v0xa44c466c0_0, v0xa44c46760_0, v0xa44c46800_0 {0 0 0};
    %delay 10000, 0;
    %vpi_call 2 61 "$display", "%0t\011 %b  %b \011 ----\011\011 %b%b%b%b\011\011 Shift Right 2", $time, v0xa44c46940_0, v0xa44c468a0_0, v0xa44c46620_0, v0xa44c466c0_0, v0xa44c46760_0, v0xa44c46800_0 {0 0 0};
    %pushi/vec4 1, 0, 1;
    %store/vec4 v0xa44c46940_0, 0, 1;
    %pushi/vec4 1, 0, 1;
    %store/vec4 v0xa44c468a0_0, 0, 1;
    %pushi/vec4 1, 0, 1;
    %store/vec4 v0xa44c464e0_0, 0, 1;
    %pushi/vec4 1, 0, 1;
    %store/vec4 v0xa44c46440_0, 0, 1;
    %pushi/vec4 0, 0, 1;
    %store/vec4 v0xa44c463a0_0, 0, 1;
    %pushi/vec4 1, 0, 1;
    %store/vec4 v0xa44c46300_0, 0, 1;
    %delay 10000, 0;
    %vpi_call 2 68 "$display", "%0t\011 %b  %b \011 %b%b%b%b\011\011 %b%b%b%b\011\011 Parallel Load", $time, v0xa44c46940_0, v0xa44c468a0_0, v0xa44c46300_0, v0xa44c463a0_0, v0xa44c46440_0, v0xa44c464e0_0, v0xa44c46620_0, v0xa44c466c0_0, v0xa44c46760_0, v0xa44c46800_0 {0 0 0};
    %pushi/vec4 1, 0, 1;
    %store/vec4 v0xa44c46940_0, 0, 1;
    %pushi/vec4 0, 0, 1;
    %store/vec4 v0xa44c468a0_0, 0, 1;
    %delay 10000, 0;
    %vpi_call 2 73 "$display", "%0t\011 %b  %b \011 ----\011\011 %b%b%b%b\011\011 Shift Left 1", $time, v0xa44c46940_0, v0xa44c468a0_0, v0xa44c46620_0, v0xa44c466c0_0, v0xa44c46760_0, v0xa44c46800_0 {0 0 0};
    %delay 10000, 0;
    %vpi_call 2 75 "$display", "%0t\011 %b  %b \011 ----\011\011 %b%b%b%b\011\011 Shift Left 2", $time, v0xa44c46940_0, v0xa44c468a0_0, v0xa44c46620_0, v0xa44c466c0_0, v0xa44c46760_0, v0xa44c46800_0 {0 0 0};
    %delay 20000, 0;
    %vpi_call 2 79 "$finish" {0 0 0};
    %end;
    .thread T_9;
# The file index is used to find the file name in the following table.
:file_names 6;
    "N/A";
    "<interactive>";
    "USR_tb.v";
    "USR.v";
    "DFF.v";
    "MUX4to1.v";
