#! /opt/homebrew/Cellar/icarus-verilog/13.0/bin/vvp
:ivl_version "13.0 (stable)" "(v13_0)";
:ivl_delay_selection "TYPICAL";
:vpi_time_precision - 12;
:vpi_module "/opt/homebrew/Cellar/icarus-verilog/13.0/lib/ivl/system.vpi";
:vpi_module "/opt/homebrew/Cellar/icarus-verilog/13.0/lib/ivl/vhdl_sys.vpi";
:vpi_module "/opt/homebrew/Cellar/icarus-verilog/13.0/lib/ivl/vhdl_textio.vpi";
:vpi_module "/opt/homebrew/Cellar/icarus-verilog/13.0/lib/ivl/v2005_math.vpi";
:vpi_module "/opt/homebrew/Cellar/icarus-verilog/13.0/lib/ivl/va_math.vpi";
S_0x1014b8320 .scope module, "tb_Mod_5_Mealy" "tb_Mod_5_Mealy" 2 8;
 .timescale -9 -12;
v0x886c3c460_0 .var "bit_in", 0 0;
v0x886c3c500_0 .var "clk", 0 0;
v0x886c3c5a0_0 .net "out", 0 0, v0x886c3c320_0;  1 drivers
v0x886c3c640_0 .var "reset", 0 0;
E_0x887044100 .event posedge, v0x886c3c0a0_0;
S_0x1014b84a0 .scope module, "uut" "Mod_5_FSM" 2 16, 3 1 0, S_0x1014b8320;
 .timescale 0 0;
    .port_info 0 /INPUT 1 "clk";
    .port_info 1 /INPUT 1 "reset";
    .port_info 2 /INPUT 1 "bit_in";
    .port_info 3 /OUTPUT 1 "out";
P_0x1014b4020 .param/l "REM_0" 0 3 10, C4<000>;
P_0x1014b4060 .param/l "REM_1" 0 3 11, C4<001>;
P_0x1014b40a0 .param/l "REM_2" 0 3 12, C4<010>;
P_0x1014b40e0 .param/l "REM_3" 0 3 13, C4<011>;
P_0x1014b4120 .param/l "REM_4" 0 3 14, C4<100>;
v0x886c3c000_0 .net "bit_in", 0 0, v0x886c3c460_0;  1 drivers
v0x886c3c0a0_0 .net "clk", 0 0, v0x886c3c500_0;  1 drivers
v0x886c3c1e0_0 .var "current_state", 2 0;
v0x886c3c280_0 .var "next_state", 2 0;
v0x886c3c320_0 .var "out", 0 0;
v0x886c3c3c0_0 .net "reset", 0 0, v0x886c3c640_0;  1 drivers
E_0x887044280 .event anyedge, v0x886c3c1e0_0, v0x886c3c000_0;
E_0x8870442c0 .event posedge, v0x886c3c3c0_0, v0x886c3c0a0_0;
    .scope S_0x1014b84a0;
T_0 ;
    %wait E_0x8870442c0;
    %load/vec4 v0x886c3c3c0_0;
    %flag_set/vec4 8;
    %jmp/0xz  T_0.0, 8;
    %pushi/vec4 0, 0, 3;
    %assign/vec4 v0x886c3c1e0_0, 0;
    %jmp T_0.1;
T_0.0 ;
    %load/vec4 v0x886c3c280_0;
    %assign/vec4 v0x886c3c1e0_0, 0;
T_0.1 ;
    %jmp T_0;
    .thread T_0;
    .scope S_0x1014b84a0;
T_1 ;
    %wait E_0x887044280;
    %load/vec4 v0x886c3c1e0_0;
    %dup/vec4;
    %pushi/vec4 0, 0, 3;
    %cmp/u;
    %jmp/1 T_1.0, 6;
    %dup/vec4;
    %pushi/vec4 1, 0, 3;
    %cmp/u;
    %jmp/1 T_1.1, 6;
    %dup/vec4;
    %pushi/vec4 2, 0, 3;
    %cmp/u;
    %jmp/1 T_1.2, 6;
    %dup/vec4;
    %pushi/vec4 3, 0, 3;
    %cmp/u;
    %jmp/1 T_1.3, 6;
    %dup/vec4;
    %pushi/vec4 4, 0, 3;
    %cmp/u;
    %jmp/1 T_1.4, 6;
    %pushi/vec4 0, 0, 3;
    %store/vec4 v0x886c3c280_0, 0, 3;
    %jmp T_1.6;
T_1.0 ;
    %load/vec4 v0x886c3c000_0;
    %flag_set/vec4 8;
    %jmp/0 T_1.7, 8;
    %pushi/vec4 1, 0, 3;
    %jmp/1 T_1.8, 8;
T_1.7 ; End of true expr.
    %pushi/vec4 0, 0, 3;
    %jmp/0 T_1.8, 8;
 ; End of false expr.
    %blend;
T_1.8;
    %store/vec4 v0x886c3c280_0, 0, 3;
    %jmp T_1.6;
T_1.1 ;
    %load/vec4 v0x886c3c000_0;
    %flag_set/vec4 8;
    %jmp/0 T_1.9, 8;
    %pushi/vec4 3, 0, 3;
    %jmp/1 T_1.10, 8;
T_1.9 ; End of true expr.
    %pushi/vec4 2, 0, 3;
    %jmp/0 T_1.10, 8;
 ; End of false expr.
    %blend;
T_1.10;
    %store/vec4 v0x886c3c280_0, 0, 3;
    %jmp T_1.6;
T_1.2 ;
    %load/vec4 v0x886c3c000_0;
    %flag_set/vec4 8;
    %jmp/0 T_1.11, 8;
    %pushi/vec4 0, 0, 3;
    %jmp/1 T_1.12, 8;
T_1.11 ; End of true expr.
    %pushi/vec4 4, 0, 3;
    %jmp/0 T_1.12, 8;
 ; End of false expr.
    %blend;
T_1.12;
    %store/vec4 v0x886c3c280_0, 0, 3;
    %jmp T_1.6;
T_1.3 ;
    %load/vec4 v0x886c3c000_0;
    %flag_set/vec4 8;
    %jmp/0 T_1.13, 8;
    %pushi/vec4 2, 0, 3;
    %jmp/1 T_1.14, 8;
T_1.13 ; End of true expr.
    %pushi/vec4 1, 0, 3;
    %jmp/0 T_1.14, 8;
 ; End of false expr.
    %blend;
T_1.14;
    %store/vec4 v0x886c3c280_0, 0, 3;
    %jmp T_1.6;
T_1.4 ;
    %load/vec4 v0x886c3c000_0;
    %flag_set/vec4 8;
    %jmp/0 T_1.15, 8;
    %pushi/vec4 4, 0, 3;
    %jmp/1 T_1.16, 8;
T_1.15 ; End of true expr.
    %pushi/vec4 3, 0, 3;
    %jmp/0 T_1.16, 8;
 ; End of false expr.
    %blend;
T_1.16;
    %store/vec4 v0x886c3c280_0, 0, 3;
    %jmp T_1.6;
T_1.6 ;
    %pop/vec4 1;
    %jmp T_1;
    .thread T_1, $push;
    .scope S_0x1014b84a0;
T_2 ;
    %wait E_0x887044280;
    %load/vec4 v0x886c3c1e0_0;
    %cmpi/e 0, 0, 3;
    %flag_get/vec4 4;
    %jmp/0 T_2.3, 4;
    %load/vec4 v0x886c3c000_0;
    %pushi/vec4 0, 0, 1;
    %cmp/e;
    %flag_get/vec4 4;
    %and;
T_2.3;
    %flag_set/vec4 8;
    %jmp/1 T_2.2, 8;
    %load/vec4 v0x886c3c1e0_0;
    %cmpi/e 2, 0, 3;
    %flag_get/vec4 4;
    %jmp/0 T_2.4, 4;
    %load/vec4 v0x886c3c000_0;
    %pushi/vec4 1, 0, 1;
    %cmp/e;
    %flag_get/vec4 4;
    %and;
T_2.4;
    %flag_set/vec4 9;
    %flag_or 8, 9;
T_2.2;
    %jmp/0xz  T_2.0, 8;
    %pushi/vec4 1, 0, 1;
    %store/vec4 v0x886c3c320_0, 0, 1;
    %jmp T_2.1;
T_2.0 ;
    %pushi/vec4 0, 0, 1;
    %store/vec4 v0x886c3c320_0, 0, 1;
T_2.1 ;
    %jmp T_2;
    .thread T_2, $push;
    .scope S_0x1014b8320;
T_3 ;
    %delay 5000, 0;
    %load/vec4 v0x886c3c500_0;
    %inv;
    %store/vec4 v0x886c3c500_0, 0, 1;
    %jmp T_3;
    .thread T_3;
    .scope S_0x1014b8320;
T_4 ;
    %pushi/vec4 0, 0, 1;
    %store/vec4 v0x886c3c500_0, 0, 1;
    %pushi/vec4 1, 0, 1;
    %store/vec4 v0x886c3c640_0, 0, 1;
    %pushi/vec4 0, 0, 1;
    %store/vec4 v0x886c3c460_0, 0, 1;
    %vpi_call 2 31 "$dumpfile", "mod5_mealy.vcd" {0 0 0};
    %vpi_call 2 32 "$dumpvars", 32'sb00000000000000000000000000000000, S_0x1014b8320 {0 0 0};
    %delay 20000, 0;
    %vpi_call 2 39 "$display", "\012--- Starting Test Case 1: Input = 25 (11001) ---" {0 0 0};
    %wait E_0x887044100;
    %pushi/vec4 0, 0, 1;
    %assign/vec4 v0x886c3c640_0, 0;
    %pushi/vec4 1, 0, 1;
    %assign/vec4 v0x886c3c460_0, 0;
    %wait E_0x887044100;
    %pushi/vec4 1, 0, 1;
    %assign/vec4 v0x886c3c460_0, 0;
    %wait E_0x887044100;
    %pushi/vec4 0, 0, 1;
    %assign/vec4 v0x886c3c460_0, 0;
    %wait E_0x887044100;
    %pushi/vec4 0, 0, 1;
    %assign/vec4 v0x886c3c460_0, 0;
    %wait E_0x887044100;
    %pushi/vec4 1, 0, 1;
    %assign/vec4 v0x886c3c460_0, 0;
    %delay 1000, 0;
    %vpi_call 2 53 "$display", "Final Output for 25: %b (Expected: 1)", v0x886c3c5a0_0 {0 0 0};
    %wait E_0x887044100;
    %pushi/vec4 1, 0, 1;
    %assign/vec4 v0x886c3c640_0, 0;
    %pushi/vec4 0, 0, 1;
    %assign/vec4 v0x886c3c460_0, 0;
    %delay 10000, 0;
    %vpi_call 2 67 "$display", "\012--- Starting Test Case 2: Input = 14 (1110) ---" {0 0 0};
    %wait E_0x887044100;
    %pushi/vec4 0, 0, 1;
    %assign/vec4 v0x886c3c640_0, 0;
    %pushi/vec4 1, 0, 1;
    %assign/vec4 v0x886c3c460_0, 0;
    %wait E_0x887044100;
    %pushi/vec4 1, 0, 1;
    %assign/vec4 v0x886c3c460_0, 0;
    %wait E_0x887044100;
    %pushi/vec4 1, 0, 1;
    %assign/vec4 v0x886c3c460_0, 0;
    %wait E_0x887044100;
    %pushi/vec4 0, 0, 1;
    %assign/vec4 v0x886c3c460_0, 0;
    %delay 1000, 0;
    %vpi_call 2 78 "$display", "Final Output for 14: %b (Expected: 0)\012", v0x886c3c5a0_0 {0 0 0};
    %delay 20000, 0;
    %vpi_call 2 81 "$finish" {0 0 0};
    %end;
    .thread T_4;
    .scope S_0x1014b8320;
T_5 ;
    %wait E_0x887044100;
    %vpi_call 2 86 "$strobe", "Time=%0t | clk=%b | reset=%b | bit_in=%b || FSM State=%b | Mealy out=%b", $time, v0x886c3c500_0, v0x886c3c640_0, v0x886c3c460_0, v0x886c3c1e0_0, v0x886c3c5a0_0 {0 0 0};
    %jmp T_5;
    .thread T_5;
# The file index is used to find the file name in the following table.
:file_names 4;
    "N/A";
    "<interactive>";
    "Mod_5_tb.v";
    "Mod_5_checker.v";
