#! /opt/homebrew/Cellar/icarus-verilog/13.0/bin/vvp
:ivl_version "13.0 (stable)" "(v13_0)";
:ivl_delay_selection "TYPICAL";
:vpi_time_precision - 12;
:vpi_module "/opt/homebrew/Cellar/icarus-verilog/13.0/lib/ivl/system.vpi";
:vpi_module "/opt/homebrew/Cellar/icarus-verilog/13.0/lib/ivl/vhdl_sys.vpi";
:vpi_module "/opt/homebrew/Cellar/icarus-verilog/13.0/lib/ivl/vhdl_textio.vpi";
:vpi_module "/opt/homebrew/Cellar/icarus-verilog/13.0/lib/ivl/v2005_math.vpi";
:vpi_module "/opt/homebrew/Cellar/icarus-verilog/13.0/lib/ivl/va_math.vpi";
S_0x105498750 .scope module, "tb_PISO" "tb_PISO" 2 3;
 .timescale -9 -12;
v0xc69035540_0 .var "A", 0 3;
v0xc690355e0_0 .var "clk", 0 0;
v0xc69035680_0 .var "load", 0 0;
v0xc69035720_0 .net "out", 0 0, L_0xc68c68000;  1 drivers
S_0x1054988d0 .scope module, "uut" "PISO" 2 14, 3 1 0, S_0x105498750;
 .timescale -9 -12;
    .port_info 0 /INPUT 4 "A";
    .port_info 1 /INPUT 1 "clk";
    .port_info 2 /INPUT 1 "load";
    .port_info 3 /OUTPUT 1 "out";
v0xc69035180_0 .net "A", 0 3, v0xc69035540_0;  1 drivers
v0xc69035220_0 .net "clk", 0 0, v0xc690355e0_0;  1 drivers
v0xc690352c0_0 .net "dff_out", 3 0, L_0x1054a5b20;  1 drivers
v0xc69035360_0 .net "load", 0 0, v0xc69035680_0;  1 drivers
v0xc69035400_0 .net "mux_out", 3 0, L_0x1054a6440;  1 drivers
v0xc690354a0_0 .net "out", 0 0, L_0xc68c68000;  alias, 1 drivers
L_0x1054a58a0 .part L_0x1054a6440, 0, 1;
L_0x1054a5940 .part L_0x1054a6440, 1, 1;
L_0x1054a59e0 .part L_0x1054a6440, 2, 1;
L_0x1054a5a80 .part L_0x1054a6440, 3, 1;
L_0x1054a5b20 .concat [ 1 1 1 1], v0xc690340a0_0, v0xc69034280_0, v0xc69034460_0, v0xc69034640_0;
L_0xc68c68000 .part L_0x1054a5b20, 3, 1;
L_0xc68c680a0 .part v0xc69035540_0, 3, 1;
L_0xc68c68140 .part L_0x1054a5b20, 0, 1;
L_0xc68c681e0 .part v0xc69035540_0, 2, 1;
L_0xc68c68280 .part L_0x1054a5b20, 1, 1;
L_0xc68c68320 .part v0xc69035540_0, 1, 1;
L_0xc68c683c0 .part L_0x1054a5b20, 2, 1;
L_0xc68c68460 .part v0xc69035540_0, 0, 1;
L_0x1054a6440 .concat8 [ 1 1 1 1], v0xc690348c0_0, v0xc69034b40_0, v0xc69034dc0_0, v0xc69035040_0;
S_0x10549b9f0 .scope module, "dff[0]" "DFF" 3 4, 4 1 0, S_0x1054988d0;
 .timescale -9 -12;
    .port_info 0 /INPUT 1 "D";
    .port_info 1 /INPUT 1 "clk";
    .port_info 2 /OUTPUT 1 "Q";
v0xc69034000_0 .net "D", 0 0, L_0x1054a58a0;  1 drivers
v0xc690340a0_0 .var "Q", 0 0;
v0xc69034140_0 .net "clk", 0 0, v0xc690355e0_0;  alias, 1 drivers
E_0xc69028700 .event posedge, v0xc69034140_0;
S_0x10549bb70 .scope module, "dff[1]" "DFF" 3 4, 4 1 0, S_0x1054988d0;
 .timescale -9 -12;
    .port_info 0 /INPUT 1 "D";
    .port_info 1 /INPUT 1 "clk";
    .port_info 2 /OUTPUT 1 "Q";
v0xc690341e0_0 .net "D", 0 0, L_0x1054a5940;  1 drivers
v0xc69034280_0 .var "Q", 0 0;
v0xc69034320_0 .net "clk", 0 0, v0xc690355e0_0;  alias, 1 drivers
S_0x10549df60 .scope module, "dff[2]" "DFF" 3 4, 4 1 0, S_0x1054988d0;
 .timescale -9 -12;
    .port_info 0 /INPUT 1 "D";
    .port_info 1 /INPUT 1 "clk";
    .port_info 2 /OUTPUT 1 "Q";
v0xc690343c0_0 .net "D", 0 0, L_0x1054a59e0;  1 drivers
v0xc69034460_0 .var "Q", 0 0;
v0xc69034500_0 .net "clk", 0 0, v0xc690355e0_0;  alias, 1 drivers
S_0x10549e0e0 .scope module, "dff[3]" "DFF" 3 4, 4 1 0, S_0x1054988d0;
 .timescale -9 -12;
    .port_info 0 /INPUT 1 "D";
    .port_info 1 /INPUT 1 "clk";
    .port_info 2 /OUTPUT 1 "Q";
v0xc690345a0_0 .net "D", 0 0, L_0x1054a5a80;  1 drivers
v0xc69034640_0 .var "Q", 0 0;
v0xc690346e0_0 .net "clk", 0 0, v0xc690355e0_0;  alias, 1 drivers
S_0x10549d5f0 .scope module, "mux0" "MUX2to1" 3 7, 5 1 0, S_0x1054988d0;
 .timescale -9 -12;
    .port_info 0 /INPUT 1 "a";
    .port_info 1 /INPUT 1 "b";
    .port_info 2 /INPUT 1 "sel";
    .port_info 3 /OUTPUT 1 "out";
L_0xc69454010 .functor BUFT 1, C4<0>, C4<0>, C4<0>, C4<0>;
v0xc69034780_0 .net "a", 0 0, L_0xc69454010;  1 drivers
v0xc69034820_0 .net "b", 0 0, L_0xc68c680a0;  1 drivers
v0xc690348c0_0 .var "out", 0 0;
v0xc69034960_0 .net "sel", 0 0, v0xc69035680_0;  alias, 1 drivers
E_0xc69028740 .event anyedge, v0xc69034960_0, v0xc69034780_0, v0xc69034820_0;
S_0x10549d770 .scope module, "mux1" "MUX2to1" 3 8, 5 1 0, S_0x1054988d0;
 .timescale -9 -12;
    .port_info 0 /INPUT 1 "a";
    .port_info 1 /INPUT 1 "b";
    .port_info 2 /INPUT 1 "sel";
    .port_info 3 /OUTPUT 1 "out";
v0xc69034a00_0 .net "a", 0 0, L_0xc68c68140;  1 drivers
v0xc69034aa0_0 .net "b", 0 0, L_0xc68c681e0;  1 drivers
v0xc69034b40_0 .var "out", 0 0;
v0xc69034be0_0 .net "sel", 0 0, v0xc69035680_0;  alias, 1 drivers
E_0xc69028780 .event anyedge, v0xc69034960_0, v0xc69034a00_0, v0xc69034aa0_0;
S_0x1054a5520 .scope module, "mux2" "MUX2to1" 3 9, 5 1 0, S_0x1054988d0;
 .timescale -9 -12;
    .port_info 0 /INPUT 1 "a";
    .port_info 1 /INPUT 1 "b";
    .port_info 2 /INPUT 1 "sel";
    .port_info 3 /OUTPUT 1 "out";
v0xc69034c80_0 .net "a", 0 0, L_0xc68c68280;  1 drivers
v0xc69034d20_0 .net "b", 0 0, L_0xc68c68320;  1 drivers
v0xc69034dc0_0 .var "out", 0 0;
v0xc69034e60_0 .net "sel", 0 0, v0xc69035680_0;  alias, 1 drivers
E_0xc690287c0 .event anyedge, v0xc69034960_0, v0xc69034c80_0, v0xc69034d20_0;
S_0x1054a56a0 .scope module, "mux3" "MUX2to1" 3 10, 5 1 0, S_0x1054988d0;
 .timescale -9 -12;
    .port_info 0 /INPUT 1 "a";
    .port_info 1 /INPUT 1 "b";
    .port_info 2 /INPUT 1 "sel";
    .port_info 3 /OUTPUT 1 "out";
v0xc69034f00_0 .net "a", 0 0, L_0xc68c683c0;  1 drivers
v0xc69034fa0_0 .net "b", 0 0, L_0xc68c68460;  1 drivers
v0xc69035040_0 .var "out", 0 0;
v0xc690350e0_0 .net "sel", 0 0, v0xc69035680_0;  alias, 1 drivers
E_0xc69028800 .event anyedge, v0xc69034960_0, v0xc69034f00_0, v0xc69034fa0_0;
    .scope S_0x10549b9f0;
T_0 ;
    %wait E_0xc69028700;
    %load/vec4 v0xc69034000_0;
    %assign/vec4 v0xc690340a0_0, 0;
    %jmp T_0;
    .thread T_0;
    .scope S_0x10549bb70;
T_1 ;
    %wait E_0xc69028700;
    %load/vec4 v0xc690341e0_0;
    %assign/vec4 v0xc69034280_0, 0;
    %jmp T_1;
    .thread T_1;
    .scope S_0x10549df60;
T_2 ;
    %wait E_0xc69028700;
    %load/vec4 v0xc690343c0_0;
    %assign/vec4 v0xc69034460_0, 0;
    %jmp T_2;
    .thread T_2;
    .scope S_0x10549e0e0;
T_3 ;
    %wait E_0xc69028700;
    %load/vec4 v0xc690345a0_0;
    %assign/vec4 v0xc69034640_0, 0;
    %jmp T_3;
    .thread T_3;
    .scope S_0x10549d5f0;
T_4 ;
    %wait E_0xc69028740;
    %load/vec4 v0xc69034960_0;
    %dup/vec4;
    %pushi/vec4 0, 0, 1;
    %cmp/u;
    %jmp/1 T_4.0, 6;
    %dup/vec4;
    %pushi/vec4 1, 0, 1;
    %cmp/u;
    %jmp/1 T_4.1, 6;
    %pushi/vec4 0, 0, 1;
    %store/vec4 v0xc690348c0_0, 0, 1;
    %jmp T_4.3;
T_4.0 ;
    %load/vec4 v0xc69034780_0;
    %store/vec4 v0xc690348c0_0, 0, 1;
    %jmp T_4.3;
T_4.1 ;
    %load/vec4 v0xc69034820_0;
    %store/vec4 v0xc690348c0_0, 0, 1;
    %jmp T_4.3;
T_4.3 ;
    %pop/vec4 1;
    %jmp T_4;
    .thread T_4, $push;
    .scope S_0x10549d770;
T_5 ;
    %wait E_0xc69028780;
    %load/vec4 v0xc69034be0_0;
    %dup/vec4;
    %pushi/vec4 0, 0, 1;
    %cmp/u;
    %jmp/1 T_5.0, 6;
    %dup/vec4;
    %pushi/vec4 1, 0, 1;
    %cmp/u;
    %jmp/1 T_5.1, 6;
    %pushi/vec4 0, 0, 1;
    %store/vec4 v0xc69034b40_0, 0, 1;
    %jmp T_5.3;
T_5.0 ;
    %load/vec4 v0xc69034a00_0;
    %store/vec4 v0xc69034b40_0, 0, 1;
    %jmp T_5.3;
T_5.1 ;
    %load/vec4 v0xc69034aa0_0;
    %store/vec4 v0xc69034b40_0, 0, 1;
    %jmp T_5.3;
T_5.3 ;
    %pop/vec4 1;
    %jmp T_5;
    .thread T_5, $push;
    .scope S_0x1054a5520;
T_6 ;
    %wait E_0xc690287c0;
    %load/vec4 v0xc69034e60_0;
    %dup/vec4;
    %pushi/vec4 0, 0, 1;
    %cmp/u;
    %jmp/1 T_6.0, 6;
    %dup/vec4;
    %pushi/vec4 1, 0, 1;
    %cmp/u;
    %jmp/1 T_6.1, 6;
    %pushi/vec4 0, 0, 1;
    %store/vec4 v0xc69034dc0_0, 0, 1;
    %jmp T_6.3;
T_6.0 ;
    %load/vec4 v0xc69034c80_0;
    %store/vec4 v0xc69034dc0_0, 0, 1;
    %jmp T_6.3;
T_6.1 ;
    %load/vec4 v0xc69034d20_0;
    %store/vec4 v0xc69034dc0_0, 0, 1;
    %jmp T_6.3;
T_6.3 ;
    %pop/vec4 1;
    %jmp T_6;
    .thread T_6, $push;
    .scope S_0x1054a56a0;
T_7 ;
    %wait E_0xc69028800;
    %load/vec4 v0xc690350e0_0;
    %dup/vec4;
    %pushi/vec4 0, 0, 1;
    %cmp/u;
    %jmp/1 T_7.0, 6;
    %dup/vec4;
    %pushi/vec4 1, 0, 1;
    %cmp/u;
    %jmp/1 T_7.1, 6;
    %pushi/vec4 0, 0, 1;
    %store/vec4 v0xc69035040_0, 0, 1;
    %jmp T_7.3;
T_7.0 ;
    %load/vec4 v0xc69034f00_0;
    %store/vec4 v0xc69035040_0, 0, 1;
    %jmp T_7.3;
T_7.1 ;
    %load/vec4 v0xc69034fa0_0;
    %store/vec4 v0xc69035040_0, 0, 1;
    %jmp T_7.3;
T_7.3 ;
    %pop/vec4 1;
    %jmp T_7;
    .thread T_7, $push;
    .scope S_0x105498750;
T_8 ;
    %delay 5000, 0;
    %load/vec4 v0xc690355e0_0;
    %inv;
    %store/vec4 v0xc690355e0_0, 0, 1;
    %jmp T_8;
    .thread T_8;
    .scope S_0x105498750;
T_9 ;
    %vpi_call 2 26 "$dumpfile", "dump.vcd" {0 0 0};
    %vpi_call 2 27 "$dumpvars", 32'sb00000000000000000000000000000000, S_0x105498750 {0 0 0};
    %pushi/vec4 0, 0, 1;
    %store/vec4 v0xc690355e0_0, 0, 1;
    %pushi/vec4 0, 0, 1;
    %store/vec4 v0xc69035680_0, 0, 1;
    %pushi/vec4 0, 0, 4;
    %store/vec4 v0xc69035540_0, 0, 4;
    %delay 10000, 0;
    %vpi_call 2 35 "$display", "\012--- Starting Test Case 1: Load 1011 ---" {0 0 0};
    %pushi/vec4 11, 0, 4;
    %store/vec4 v0xc69035540_0, 0, 4;
    %pushi/vec4 1, 0, 1;
    %store/vec4 v0xc69035680_0, 0, 1;
    %delay 10000, 0;
    %pushi/vec4 0, 0, 1;
    %store/vec4 v0xc69035680_0, 0, 1;
    %delay 40000, 0;
    %vpi_call 2 44 "$display", "\012--- Starting Test Case 2: Load 0110 ---" {0 0 0};
    %pushi/vec4 6, 0, 4;
    %store/vec4 v0xc69035540_0, 0, 4;
    %pushi/vec4 1, 0, 1;
    %store/vec4 v0xc69035680_0, 0, 1;
    %delay 10000, 0;
    %pushi/vec4 0, 0, 1;
    %store/vec4 v0xc69035680_0, 0, 1;
    %delay 40000, 0;
    %vpi_call 2 52 "$display", "\012Simulation Complete." {0 0 0};
    %vpi_call 2 53 "$finish" {0 0 0};
    %end;
    .thread T_9;
    .scope S_0x105498750;
T_10 ;
    %wait E_0xc69028700;
    %vpi_call 2 60 "$display", "Time = %0t | load = %b | A = %b | Serial Out = %b", $time, v0xc69035680_0, v0xc69035540_0, v0xc69035720_0 {0 0 0};
    %jmp T_10;
    .thread T_10;
# The file index is used to find the file name in the following table.
:file_names 6;
    "N/A";
    "<interactive>";
    "PISO_tb.v";
    "PISO.v";
    "DFF.v";
    "MUX2to1.v";
