#! /opt/homebrew/Cellar/icarus-verilog/13.0/bin/vvp
:ivl_version "13.0 (stable)" "(v13_0)";
:ivl_delay_selection "TYPICAL";
:vpi_time_precision - 12;
:vpi_module "/opt/homebrew/Cellar/icarus-verilog/13.0/lib/ivl/system.vpi";
:vpi_module "/opt/homebrew/Cellar/icarus-verilog/13.0/lib/ivl/vhdl_sys.vpi";
:vpi_module "/opt/homebrew/Cellar/icarus-verilog/13.0/lib/ivl/vhdl_textio.vpi";
:vpi_module "/opt/homebrew/Cellar/icarus-verilog/13.0/lib/ivl/v2005_math.vpi";
:vpi_module "/opt/homebrew/Cellar/icarus-verilog/13.0/lib/ivl/va_math.vpi";
S_0x1032a9be0 .scope module, "tb_uart_top" "tb_uart_top" 2 3;
 .timescale -9 -12;
P_0xa29044880 .param/l "BIT_PERIOD" 1 2 35, +C4<00000000000000000010000111101001>;
P_0xa290448c0 .param/l "CLOCK_PERIOD" 1 2 32, +C4<00000000000000000000000000010100>;
v0xa29079c20_0 .var "clk", 0 0;
v0xa29079cc0_0 .var "loopback_en", 0 0;
v0xa29079d60_0 .net "parity_err", 0 0, v0xa29078a00_0;  1 drivers
v0xa29079e00_0 .var "reset", 0 0;
v0xa29079ea0_0 .net "rx_data_out", 7 0, v0xa29078be0_0;  1 drivers
v0xa29079f40_0 .net "rx_done", 0 0, v0xa290788c0_0;  1 drivers
v0xa29079fe0_0 .net "rx_serial_in", 0 0, L_0x1032aedc0;  1 drivers
v0xa2907a080_0 .var "rx_tb_drive", 0 0;
v0xa2907a120_0 .net "tx_busy", 0 0, v0xa29078f00_0;  1 drivers
v0xa2907a1c0_0 .var "tx_data_in", 7 0;
v0xa2907a260_0 .net "tx_serial_out", 0 0, v0xa290790e0_0;  1 drivers
v0xa2907a300_0 .var "tx_start", 0 0;
E_0xa290029c0 .event anyedge, v0xa290788c0_0;
L_0x1032aedc0 .functor MUXZ 1, v0xa2907a080_0, v0xa290790e0_0, v0xa29079cc0_0, C4<>;
S_0x1032a9d60 .scope task, "drive_rx_byte" "drive_rx_byte" 2 89, 2 89 0, S_0x1032a9be0;
 .timescale -9 -12;
v0xa29078000_0 .var "data", 7 0;
v0xa29078140_0 .var "force_bad_parity", 0 0;
v0xa290781e0_0 .var/i "i", 31 0;
v0xa29078280_0 .var "parity_bit", 0 0;
TD_tb_uart_top.drive_rx_byte ;
    %load/vec4 v0xa29078000_0;
    %xor/r;
    %store/vec4 v0xa29078280_0, 0, 1;
    %load/vec4 v0xa29078140_0;
    %flag_set/vec4 8;
    %jmp/0xz  T_0.0, 8;
    %load/vec4 v0xa29078280_0;
    %inv;
    %store/vec4 v0xa29078280_0, 0, 1;
T_0.0 ;
    %pushi/vec4 0, 0, 1;
    %store/vec4 v0xa2907a080_0, 0, 1;
    %delay 8681000, 0;
    %pushi/vec4 0, 0, 32;
    %store/vec4 v0xa290781e0_0, 0, 32;
T_0.2 ; Top of for-loop
    %load/vec4 v0xa290781e0_0;
    %cmpi/s 8, 0, 32;
	  %jmp/0xz T_0.3, 5;
    %load/vec4 v0xa29078000_0;
    %load/vec4 v0xa290781e0_0;
    %part/s 1;
    %store/vec4 v0xa2907a080_0, 0, 1;
    %delay 8681000, 0;
T_0.4 ; for-loop step statement
    %load/vec4 v0xa290781e0_0;
    %addi 1, 0, 32;
    %store/vec4 v0xa290781e0_0, 0, 32;
    %jmp T_0.2;
T_0.3 ; for-loop exit label
    %load/vec4 v0xa29078280_0;
    %store/vec4 v0xa2907a080_0, 0, 1;
    %delay 8681000, 0;
    %pushi/vec4 1, 0, 1;
    %store/vec4 v0xa2907a080_0, 0, 1;
    %delay 8681000, 0;
    %end;
S_0x1032aa790 .scope task, "send_tx_byte" "send_tx_byte" 2 73, 2 73 0, S_0x1032a9be0;
 .timescale -9 -12;
v0xa29078320_0 .var "data", 7 0;
E_0xa29002a00 .event anyedge, v0xa29078f00_0;
E_0xa29002a40 .event posedge, v0xa29078460_0;
TD_tb_uart_top.send_tx_byte ;
    %wait E_0xa29002a40;
    %load/vec4 v0xa29078320_0;
    %store/vec4 v0xa2907a1c0_0, 0, 8;
    %pushi/vec4 1, 0, 1;
    %store/vec4 v0xa2907a300_0, 0, 1;
    %wait E_0xa29002a40;
    %pushi/vec4 0, 0, 1;
    %store/vec4 v0xa2907a300_0, 0, 1;
T_1.5 ;
    %load/vec4 v0xa2907a120_0;
    %pushi/vec4 1, 0, 1;
    %cmp/e;
    %flag_get/vec4 4;
    %cmpi/ne 1, 0, 1;
    %jmp/0xz T_1.6, 6;
    %wait E_0xa29002a00;
    %jmp T_1.5;
T_1.6 ;
T_1.7 ;
    %load/vec4 v0xa2907a120_0;
    %pushi/vec4 0, 0, 1;
    %cmp/e;
    %flag_get/vec4 4;
    %cmpi/ne 1, 0, 1;
    %jmp/0xz T_1.8, 6;
    %wait E_0xa29002a00;
    %jmp T_1.7;
T_1.8 ;
    %vpi_call 2 84 "$display", "[Time: %0t] TX finished sending: 0x%h", $time, v0xa29078320_0 {0 0 0};
    %end;
S_0x1032aa910 .scope module, "uut" "uart_top" 2 47, 3 1 0, S_0x1032a9be0;
 .timescale -9 -12;
    .port_info 0 /INPUT 1 "clk";
    .port_info 1 /INPUT 1 "reset";
    .port_info 2 /INPUT 1 "rx_serial_in";
    .port_info 3 /OUTPUT 1 "tx_serial_out";
    .port_info 4 /INPUT 1 "tx_start";
    .port_info 5 /INPUT 8 "tx_data_in";
    .port_info 6 /OUTPUT 1 "tx_busy";
    .port_info 7 /OUTPUT 8 "rx_data_out";
    .port_info 8 /OUTPUT 1 "rx_done";
    .port_info 9 /OUTPUT 1 "parity_err";
v0xa29079540_0 .net "baud_tick_16x_wire", 0 0, v0xa290783c0_0;  1 drivers
v0xa290795e0_0 .net "clk", 0 0, v0xa29079c20_0;  1 drivers
v0xa29079680_0 .net "parity_err", 0 0, v0xa29078a00_0;  alias, 1 drivers
v0xa29079720_0 .net "reset", 0 0, v0xa29079e00_0;  1 drivers
v0xa290797c0_0 .net "rx_data_out", 7 0, v0xa29078be0_0;  alias, 1 drivers
v0xa29079860_0 .net "rx_done", 0 0, v0xa290788c0_0;  alias, 1 drivers
v0xa29079900_0 .net "rx_serial_in", 0 0, L_0x1032aedc0;  alias, 1 drivers
v0xa290799a0_0 .net "tx_busy", 0 0, v0xa29078f00_0;  alias, 1 drivers
v0xa29079a40_0 .net "tx_data_in", 7 0, v0xa2907a1c0_0;  1 drivers
v0xa29079ae0_0 .net "tx_serial_out", 0 0, v0xa290790e0_0;  alias, 1 drivers
v0xa29079b80_0 .net "tx_start", 0 0, v0xa2907a300_0;  1 drivers
S_0x1032ac490 .scope module, "Baud_generator" "BaudGen" 3 20, 4 1 0, S_0x1032aa910;
 .timescale -9 -12;
    .port_info 0 /INPUT 1 "clk";
    .port_info 1 /INPUT 1 "reset";
    .port_info 2 /OUTPUT 1 "baud_tick";
P_0xa29041b00 .param/l "Divider" 0 4 7, +C4<00000000000000000000000000011011>;
v0xa290783c0_0 .var "baud_tick", 0 0;
v0xa29078460_0 .net "clk", 0 0, v0xa29079c20_0;  alias, 1 drivers
v0xa29078500_0 .var "counter", 4 0;
v0xa290785a0_0 .net "reset", 0 0, v0xa29079e00_0;  alias, 1 drivers
E_0xa29002ac0 .event posedge, v0xa290785a0_0, v0xa29078460_0;
S_0x1032ac610 .scope module, "RX" "uart_RX" 3 36, 5 1 0, S_0x1032aa910;
 .timescale -9 -12;
    .port_info 0 /INPUT 1 "clk";
    .port_info 1 /INPUT 1 "baud";
    .port_info 2 /INPUT 1 "reset";
    .port_info 3 /INPUT 1 "in";
    .port_info 4 /OUTPUT 8 "rx_data";
    .port_info 5 /OUTPUT 1 "done";
    .port_info 6 /OUTPUT 1 "parity_error";
P_0x1032a07f0 .param/l "Data" 1 5 12, C4<010>;
P_0x1032a0830 .param/l "Idle" 1 5 10, C4<000>;
P_0x1032a0870 .param/l "Parity" 1 5 13, C4<011>;
P_0x1032a08b0 .param/l "Start" 1 5 11, C4<001>;
P_0x1032a08f0 .param/l "Stop" 1 5 14, C4<100>;
v0xa29078640_0 .net "baud", 0 0, v0xa290783c0_0;  alias, 1 drivers
v0xa290786e0_0 .var "bit_index", 2 0;
v0xa29078780_0 .net "clk", 0 0, v0xa29079c20_0;  alias, 1 drivers
v0xa29078820_0 .var "data", 7 0;
v0xa290788c0_0 .var "done", 0 0;
v0xa29078960_0 .net "in", 0 0, L_0x1032aedc0;  alias, 1 drivers
v0xa29078a00_0 .var "parity_error", 0 0;
v0xa29078aa0_0 .var "received_parity", 0 0;
v0xa29078b40_0 .net "reset", 0 0, v0xa29079e00_0;  alias, 1 drivers
v0xa29078be0_0 .var "rx_data", 7 0;
v0xa29078c80_0 .var "state", 2 0;
v0xa29078d20_0 .var "tick_counter", 3 0;
S_0x1032a0930 .scope module, "TX" "uart_TX" 3 26, 6 1 0, S_0x1032aa910;
 .timescale -9 -12;
    .port_info 0 /INPUT 1 "clk";
    .port_info 1 /INPUT 1 "baud";
    .port_info 2 /INPUT 1 "reset";
    .port_info 3 /INPUT 1 "start";
    .port_info 4 /INPUT 8 "tx_data";
    .port_info 5 /OUTPUT 1 "busy";
    .port_info 6 /OUTPUT 1 "out";
P_0x1032accf0 .param/l "Data" 1 6 12, C4<010>;
P_0x1032acd30 .param/l "Idle" 1 6 10, C4<000>;
P_0x1032acd70 .param/l "Parity" 1 6 13, C4<011>;
P_0x1032acdb0 .param/l "Start" 1 6 11, C4<001>;
P_0x1032acdf0 .param/l "Stop" 1 6 14, C4<100>;
v0xa29078dc0_0 .net "baud", 0 0, v0xa290783c0_0;  alias, 1 drivers
v0xa29078e60_0 .var "bit_index", 2 0;
v0xa29078f00_0 .var "busy", 0 0;
v0xa29078fa0_0 .net "clk", 0 0, v0xa29079c20_0;  alias, 1 drivers
v0xa29079040_0 .var "data", 7 0;
v0xa290790e0_0 .var "out", 0 0;
v0xa29079180_0 .var "parity", 0 0;
v0xa29079220_0 .net "reset", 0 0, v0xa29079e00_0;  alias, 1 drivers
v0xa290792c0_0 .net "start", 0 0, v0xa2907a300_0;  alias, 1 drivers
v0xa29079360_0 .var "state", 2 0;
v0xa29079400_0 .var "tick_counter", 3 0;
v0xa290794a0_0 .net "tx_data", 7 0, v0xa2907a1c0_0;  alias, 1 drivers
    .scope S_0x1032ac490;
T_2 ;
    %wait E_0xa29002ac0;
    %load/vec4 v0xa290785a0_0;
    %flag_set/vec4 8;
    %jmp/0xz  T_2.0, 8;
    %pushi/vec4 0, 0, 5;
    %assign/vec4 v0xa29078500_0, 0;
    %pushi/vec4 0, 0, 1;
    %assign/vec4 v0xa290783c0_0, 0;
    %jmp T_2.1;
T_2.0 ;
    %load/vec4 v0xa29078500_0;
    %pad/u 32;
    %cmpi/e 26, 0, 32;
    %jmp/0xz  T_2.2, 4;
    %pushi/vec4 0, 0, 5;
    %assign/vec4 v0xa29078500_0, 0;
    %pushi/vec4 1, 0, 1;
    %assign/vec4 v0xa290783c0_0, 0;
    %jmp T_2.3;
T_2.2 ;
    %load/vec4 v0xa29078500_0;
    %addi 1, 0, 5;
    %assign/vec4 v0xa29078500_0, 0;
    %pushi/vec4 0, 0, 1;
    %assign/vec4 v0xa290783c0_0, 0;
T_2.3 ;
T_2.1 ;
    %jmp T_2;
    .thread T_2;
    .scope S_0x1032a0930;
T_3 ;
    %wait E_0xa29002ac0;
    %load/vec4 v0xa29079220_0;
    %flag_set/vec4 8;
    %jmp/0xz  T_3.0, 8;
    %pushi/vec4 0, 0, 4;
    %assign/vec4 v0xa29079400_0, 0;
    %pushi/vec4 0, 0, 3;
    %assign/vec4 v0xa29079360_0, 0;
    %pushi/vec4 1, 0, 1;
    %assign/vec4 v0xa290790e0_0, 0;
    %pushi/vec4 0, 0, 1;
    %assign/vec4 v0xa29078f00_0, 0;
    %jmp T_3.1;
T_3.0 ;
    %load/vec4 v0xa29079360_0;
    %dup/vec4;
    %pushi/vec4 0, 0, 3;
    %cmp/u;
    %jmp/1 T_3.2, 6;
    %dup/vec4;
    %pushi/vec4 1, 0, 3;
    %cmp/u;
    %jmp/1 T_3.3, 6;
    %dup/vec4;
    %pushi/vec4 2, 0, 3;
    %cmp/u;
    %jmp/1 T_3.4, 6;
    %dup/vec4;
    %pushi/vec4 3, 0, 3;
    %cmp/u;
    %jmp/1 T_3.5, 6;
    %dup/vec4;
    %pushi/vec4 4, 0, 3;
    %cmp/u;
    %jmp/1 T_3.6, 6;
    %pushi/vec4 1, 0, 1;
    %assign/vec4 v0xa290790e0_0, 0;
    %pushi/vec4 0, 0, 3;
    %assign/vec4 v0xa29079360_0, 0;
    %jmp T_3.8;
T_3.2 ;
    %load/vec4 v0xa290792c0_0;
    %flag_set/vec4 8;
    %jmp/0xz  T_3.9, 8;
    %pushi/vec4 0, 0, 4;
    %assign/vec4 v0xa29079400_0, 0;
    %load/vec4 v0xa290794a0_0;
    %assign/vec4 v0xa29079040_0, 0;
    %pushi/vec4 1, 0, 1;
    %assign/vec4 v0xa29078f00_0, 0;
    %pushi/vec4 0, 0, 3;
    %assign/vec4 v0xa29078e60_0, 0;
    %load/vec4 v0xa290794a0_0;
    %xor/r;
    %assign/vec4 v0xa29079180_0, 0;
    %pushi/vec4 1, 0, 3;
    %assign/vec4 v0xa29079360_0, 0;
    %pushi/vec4 0, 0, 1;
    %assign/vec4 v0xa290790e0_0, 0;
    %jmp T_3.10;
T_3.9 ;
    %pushi/vec4 1, 0, 1;
    %assign/vec4 v0xa290790e0_0, 0;
    %pushi/vec4 0, 0, 1;
    %assign/vec4 v0xa29078f00_0, 0;
T_3.10 ;
    %jmp T_3.8;
T_3.3 ;
    %load/vec4 v0xa29078dc0_0;
    %flag_set/vec4 8;
    %jmp/0xz  T_3.11, 8;
    %load/vec4 v0xa29079400_0;
    %cmpi/e 15, 0, 4;
    %jmp/0xz  T_3.13, 4;
    %pushi/vec4 0, 0, 4;
    %assign/vec4 v0xa29079400_0, 0;
    %load/vec4 v0xa29079040_0;
    %parti/s 1, 0, 2;
    %assign/vec4 v0xa290790e0_0, 0;
    %pushi/vec4 0, 0, 3;
    %assign/vec4 v0xa29078e60_0, 0;
    %pushi/vec4 2, 0, 3;
    %assign/vec4 v0xa29079360_0, 0;
    %jmp T_3.14;
T_3.13 ;
    %load/vec4 v0xa29079400_0;
    %addi 1, 0, 4;
    %assign/vec4 v0xa29079400_0, 0;
T_3.14 ;
T_3.11 ;
    %jmp T_3.8;
T_3.4 ;
    %load/vec4 v0xa29078dc0_0;
    %flag_set/vec4 8;
    %jmp/0xz  T_3.15, 8;
    %load/vec4 v0xa29079400_0;
    %cmpi/e 15, 0, 4;
    %jmp/0xz  T_3.17, 4;
    %pushi/vec4 0, 0, 4;
    %assign/vec4 v0xa29079400_0, 0;
    %load/vec4 v0xa29078e60_0;
    %pad/u 32;
    %cmpi/e 7, 0, 32;
    %jmp/0xz  T_3.19, 4;
    %load/vec4 v0xa29079180_0;
    %assign/vec4 v0xa290790e0_0, 0;
    %pushi/vec4 3, 0, 3;
    %assign/vec4 v0xa29079360_0, 0;
    %jmp T_3.20;
T_3.19 ;
    %load/vec4 v0xa29079040_0;
    %load/vec4 v0xa29078e60_0;
    %pad/u 32;
    %addi 1, 0, 32;
    %part/u 1;
    %assign/vec4 v0xa290790e0_0, 0;
    %load/vec4 v0xa29078e60_0;
    %addi 1, 0, 3;
    %assign/vec4 v0xa29078e60_0, 0;
T_3.20 ;
    %jmp T_3.18;
T_3.17 ;
    %load/vec4 v0xa29079400_0;
    %addi 1, 0, 4;
    %assign/vec4 v0xa29079400_0, 0;
T_3.18 ;
T_3.15 ;
    %jmp T_3.8;
T_3.5 ;
    %load/vec4 v0xa29078dc0_0;
    %flag_set/vec4 8;
    %jmp/0xz  T_3.21, 8;
    %load/vec4 v0xa29079400_0;
    %cmpi/e 15, 0, 4;
    %jmp/0xz  T_3.23, 4;
    %pushi/vec4 0, 0, 4;
    %assign/vec4 v0xa29079400_0, 0;
    %pushi/vec4 1, 0, 1;
    %assign/vec4 v0xa290790e0_0, 0;
    %pushi/vec4 4, 0, 3;
    %assign/vec4 v0xa29079360_0, 0;
    %jmp T_3.24;
T_3.23 ;
    %load/vec4 v0xa29079400_0;
    %addi 1, 0, 4;
    %assign/vec4 v0xa29079400_0, 0;
T_3.24 ;
T_3.21 ;
    %jmp T_3.8;
T_3.6 ;
    %load/vec4 v0xa29078dc0_0;
    %flag_set/vec4 8;
    %jmp/0xz  T_3.25, 8;
    %load/vec4 v0xa29079400_0;
    %cmpi/e 15, 0, 4;
    %jmp/0xz  T_3.27, 4;
    %pushi/vec4 0, 0, 4;
    %assign/vec4 v0xa29079400_0, 0;
    %pushi/vec4 0, 0, 1;
    %assign/vec4 v0xa29078f00_0, 0;
    %pushi/vec4 1, 0, 1;
    %assign/vec4 v0xa290790e0_0, 0;
    %pushi/vec4 0, 0, 3;
    %assign/vec4 v0xa29079360_0, 0;
    %jmp T_3.28;
T_3.27 ;
    %load/vec4 v0xa29079400_0;
    %addi 1, 0, 4;
    %assign/vec4 v0xa29079400_0, 0;
T_3.28 ;
T_3.25 ;
    %jmp T_3.8;
T_3.8 ;
    %pop/vec4 1;
T_3.1 ;
    %jmp T_3;
    .thread T_3;
    .scope S_0x1032ac610;
T_4 ;
    %wait E_0xa29002ac0;
    %load/vec4 v0xa29078b40_0;
    %flag_set/vec4 8;
    %jmp/0xz  T_4.0, 8;
    %pushi/vec4 0, 0, 1;
    %assign/vec4 v0xa290788c0_0, 0;
    %pushi/vec4 0, 0, 1;
    %assign/vec4 v0xa29078a00_0, 0;
    %pushi/vec4 0, 0, 3;
    %assign/vec4 v0xa29078c80_0, 0;
    %jmp T_4.1;
T_4.0 ;
    %pushi/vec4 0, 0, 1;
    %assign/vec4 v0xa290788c0_0, 0;
    %load/vec4 v0xa29078c80_0;
    %dup/vec4;
    %pushi/vec4 0, 0, 3;
    %cmp/u;
    %jmp/1 T_4.2, 6;
    %dup/vec4;
    %pushi/vec4 1, 0, 3;
    %cmp/u;
    %jmp/1 T_4.3, 6;
    %dup/vec4;
    %pushi/vec4 2, 0, 3;
    %cmp/u;
    %jmp/1 T_4.4, 6;
    %dup/vec4;
    %pushi/vec4 3, 0, 3;
    %cmp/u;
    %jmp/1 T_4.5, 6;
    %dup/vec4;
    %pushi/vec4 4, 0, 3;
    %cmp/u;
    %jmp/1 T_4.6, 6;
    %pushi/vec4 0, 0, 3;
    %assign/vec4 v0xa29078c80_0, 0;
    %jmp T_4.8;
T_4.2 ;
    %load/vec4 v0xa29078960_0;
    %inv;
    %flag_set/vec4 8;
    %jmp/0xz  T_4.9, 8;
    %pushi/vec4 1, 0, 3;
    %assign/vec4 v0xa29078c80_0, 0;
    %pushi/vec4 0, 0, 4;
    %assign/vec4 v0xa29078d20_0, 0;
T_4.9 ;
    %jmp T_4.8;
T_4.3 ;
    %load/vec4 v0xa29078640_0;
    %flag_set/vec4 8;
    %jmp/0xz  T_4.11, 8;
    %load/vec4 v0xa29078d20_0;
    %pad/u 32;
    %cmpi/e 7, 0, 32;
    %jmp/0xz  T_4.13, 4;
    %load/vec4 v0xa29078960_0;
    %inv;
    %flag_set/vec4 8;
    %jmp/0xz  T_4.15, 8;
    %pushi/vec4 0, 0, 3;
    %assign/vec4 v0xa290786e0_0, 0;
    %pushi/vec4 2, 0, 3;
    %assign/vec4 v0xa29078c80_0, 0;
    %pushi/vec4 0, 0, 4;
    %assign/vec4 v0xa29078d20_0, 0;
    %jmp T_4.16;
T_4.15 ;
    %pushi/vec4 0, 0, 3;
    %assign/vec4 v0xa29078c80_0, 0;
T_4.16 ;
    %jmp T_4.14;
T_4.13 ;
    %load/vec4 v0xa29078d20_0;
    %addi 1, 0, 4;
    %assign/vec4 v0xa29078d20_0, 0;
T_4.14 ;
T_4.11 ;
    %jmp T_4.8;
T_4.4 ;
    %load/vec4 v0xa29078640_0;
    %flag_set/vec4 8;
    %jmp/0xz  T_4.17, 8;
    %load/vec4 v0xa29078d20_0;
    %pad/u 32;
    %cmpi/e 15, 0, 32;
    %jmp/0xz  T_4.19, 4;
    %pushi/vec4 0, 0, 4;
    %assign/vec4 v0xa29078d20_0, 0;
    %load/vec4 v0xa29078960_0;
    %ix/load 5, 0, 0;
    %ix/getv 4, v0xa290786e0_0;
    %assign/vec4/off/d v0xa29078820_0, 4, 5;
    %load/vec4 v0xa290786e0_0;
    %pad/u 32;
    %cmpi/e 7, 0, 32;
    %jmp/0xz  T_4.21, 4;
    %pushi/vec4 3, 0, 3;
    %assign/vec4 v0xa29078c80_0, 0;
    %jmp T_4.22;
T_4.21 ;
    %load/vec4 v0xa290786e0_0;
    %addi 1, 0, 3;
    %assign/vec4 v0xa290786e0_0, 0;
T_4.22 ;
    %jmp T_4.20;
T_4.19 ;
    %load/vec4 v0xa29078d20_0;
    %addi 1, 0, 4;
    %assign/vec4 v0xa29078d20_0, 0;
T_4.20 ;
T_4.17 ;
    %jmp T_4.8;
T_4.5 ;
    %load/vec4 v0xa29078640_0;
    %flag_set/vec4 8;
    %jmp/0xz  T_4.23, 8;
    %load/vec4 v0xa29078d20_0;
    %pad/u 32;
    %cmpi/e 15, 0, 32;
    %jmp/0xz  T_4.25, 4;
    %load/vec4 v0xa29078960_0;
    %assign/vec4 v0xa29078aa0_0, 0;
    %pushi/vec4 0, 0, 4;
    %assign/vec4 v0xa29078d20_0, 0;
    %pushi/vec4 4, 0, 3;
    %assign/vec4 v0xa29078c80_0, 0;
    %jmp T_4.26;
T_4.25 ;
    %load/vec4 v0xa29078d20_0;
    %addi 1, 0, 4;
    %assign/vec4 v0xa29078d20_0, 0;
T_4.26 ;
T_4.23 ;
    %jmp T_4.8;
T_4.6 ;
    %load/vec4 v0xa29078640_0;
    %flag_set/vec4 8;
    %jmp/0xz  T_4.27, 8;
    %load/vec4 v0xa29078d20_0;
    %pad/u 32;
    %cmpi/e 15, 0, 32;
    %jmp/0xz  T_4.29, 4;
    %load/vec4 v0xa29078820_0;
    %assign/vec4 v0xa29078be0_0, 0;
    %pushi/vec4 1, 0, 1;
    %assign/vec4 v0xa290788c0_0, 0;
    %load/vec4 v0xa29078aa0_0;
    %load/vec4 v0xa29078820_0;
    %xor/r;
    %cmp/e;
    %jmp/0xz  T_4.31, 4;
    %pushi/vec4 0, 0, 1;
    %assign/vec4 v0xa29078a00_0, 0;
    %jmp T_4.32;
T_4.31 ;
    %pushi/vec4 1, 0, 1;
    %assign/vec4 v0xa29078a00_0, 0;
T_4.32 ;
    %pushi/vec4 0, 0, 4;
    %assign/vec4 v0xa29078d20_0, 0;
    %pushi/vec4 0, 0, 3;
    %assign/vec4 v0xa29078c80_0, 0;
    %jmp T_4.30;
T_4.29 ;
    %load/vec4 v0xa29078d20_0;
    %addi 1, 0, 4;
    %assign/vec4 v0xa29078d20_0, 0;
T_4.30 ;
T_4.27 ;
    %jmp T_4.8;
T_4.8 ;
    %pop/vec4 1;
T_4.1 ;
    %jmp T_4;
    .thread T_4;
    .scope S_0x1032a9be0;
T_5 ;
    %pushi/vec4 0, 0, 1;
    %store/vec4 v0xa29079c20_0, 0, 1;
T_5.0 ;
    %delay 10000, 0;
    %load/vec4 v0xa29079c20_0;
    %inv;
    %store/vec4 v0xa29079c20_0, 0, 1;
    %jmp T_5.0;
T_5.1 ;
    %end;
    .thread T_5;
    .scope S_0x1032a9be0;
T_6 ;
    %pushi/vec4 1, 0, 1;
    %store/vec4 v0xa29079e00_0, 0, 1;
    %pushi/vec4 0, 0, 1;
    %store/vec4 v0xa2907a300_0, 0, 1;
    %pushi/vec4 0, 0, 8;
    %store/vec4 v0xa2907a1c0_0, 0, 8;
    %pushi/vec4 1, 0, 1;
    %store/vec4 v0xa29079cc0_0, 0, 1;
    %pushi/vec4 1, 0, 1;
    %store/vec4 v0xa2907a080_0, 0, 1;
    %delay 200000, 0;
    %pushi/vec4 0, 0, 1;
    %store/vec4 v0xa29079e00_0, 0, 1;
    %delay 200000, 0;
    %vpi_call 2 134 "$display", "--- SYSTEM RESET COMPLETE ---" {0 0 0};
    %vpi_call 2 139 "$display", "\012[TEST CASE 1] Single Byte Loopback (0x55)" {0 0 0};
    %fork t_1, S_0x1032a9be0;
    %fork t_2, S_0x1032a9be0;
    %join;
    %join;
    %jmp t_0;
t_1 ;
    %pushi/vec4 85, 0, 8;
    %store/vec4 v0xa29078320_0, 0, 8;
    %fork TD_tb_uart_top.send_tx_byte, S_0x1032aa790;
    %join;
    %end;
t_2 ;
T_6.0 ;
    %load/vec4 v0xa29079f40_0;
    %cmpi/ne 1, 0, 1;
    %jmp/0xz T_6.1, 6;
    %wait E_0xa290029c0;
    %jmp T_6.0;
T_6.1 ;
    %load/vec4 v0xa29079ea0_0;
    %cmpi/e 85, 0, 8;
    %flag_get/vec4 4;
    %jmp/0 T_6.4, 4;
    %load/vec4 v0xa29079d60_0;
    %nor/r;
    %and;
T_6.4;
    %flag_set/vec4 8;
    %jmp/0xz  T_6.2, 8;
    %vpi_call 2 145 "$display", "    --> PASS: Received 0x55, No Parity Error" {0 0 0};
    %jmp T_6.3;
T_6.2 ;
    %vpi_call 2 147 "$display", "    --> FAIL: Received 0x%h, Parity Err: %b", v0xa29079ea0_0, v0xa29079d60_0 {0 0 0};
T_6.3 ;
    %end;
    .scope S_0x1032a9be0;
t_0 ;
    %vpi_call 2 154 "$display", "\012[TEST CASE 2] Back-to-Back Data Burst (0xAA, 0xFF, 0x00)" {0 0 0};
    %pushi/vec4 170, 0, 8;
    %store/vec4 v0xa29078320_0, 0, 8;
    %fork TD_tb_uart_top.send_tx_byte, S_0x1032aa790;
    %join;
    %delay 17362000, 0;
    %pushi/vec4 255, 0, 8;
    %store/vec4 v0xa29078320_0, 0, 8;
    %fork TD_tb_uart_top.send_tx_byte, S_0x1032aa790;
    %join;
    %delay 17362000, 0;
    %pushi/vec4 0, 0, 8;
    %store/vec4 v0xa29078320_0, 0, 8;
    %fork TD_tb_uart_top.send_tx_byte, S_0x1032aa790;
    %join;
    %delay 130215000, 0;
    %vpi_call 2 163 "$display", "    --> Burst transmission complete." {0 0 0};
    %vpi_call 2 168 "$display", "\012[TEST CASE 3] External RX Drive - Correct Parity (0x33)" {0 0 0};
    %pushi/vec4 0, 0, 1;
    %store/vec4 v0xa29079cc0_0, 0, 1;
    %fork t_4, S_0x1032a9be0;
    %fork t_5, S_0x1032a9be0;
    %join;
    %join;
    %jmp t_3;
t_4 ;
    %pushi/vec4 51, 0, 8;
    %store/vec4 v0xa29078000_0, 0, 8;
    %pushi/vec4 0, 0, 1;
    %store/vec4 v0xa29078140_0, 0, 1;
    %fork TD_tb_uart_top.drive_rx_byte, S_0x1032a9d60;
    %join;
    %end;
t_5 ;
T_6.5 ;
    %load/vec4 v0xa29079f40_0;
    %cmpi/ne 1, 0, 1;
    %jmp/0xz T_6.6, 6;
    %wait E_0xa290029c0;
    %jmp T_6.5;
T_6.6 ;
    %load/vec4 v0xa29079ea0_0;
    %cmpi/e 51, 0, 8;
    %flag_get/vec4 4;
    %jmp/0 T_6.9, 4;
    %load/vec4 v0xa29079d60_0;
    %nor/r;
    %and;
T_6.9;
    %flag_set/vec4 8;
    %jmp/0xz  T_6.7, 8;
    %vpi_call 2 176 "$display", "    --> PASS: Received 0x33, Parity check passed!" {0 0 0};
    %jmp T_6.8;
T_6.7 ;
    %vpi_call 2 178 "$display", "    --> FAIL: Received 0x%h, Parity Err: %b", v0xa29079ea0_0, v0xa29079d60_0 {0 0 0};
T_6.8 ;
    %end;
    .scope S_0x1032a9be0;
t_3 ;
    %delay 17362000, 0;
    %vpi_call 2 187 "$display", "\012[TEST CASE 4] External RX Drive - Incorrect Parity Injection (0xCC)" {0 0 0};
    %fork t_7, S_0x1032a9be0;
    %fork t_8, S_0x1032a9be0;
    %join;
    %join;
    %jmp t_6;
t_7 ;
    %pushi/vec4 204, 0, 8;
    %store/vec4 v0xa29078000_0, 0, 8;
    %pushi/vec4 1, 0, 1;
    %store/vec4 v0xa29078140_0, 0, 1;
    %fork TD_tb_uart_top.drive_rx_byte, S_0x1032a9d60;
    %join;
    %end;
t_8 ;
T_6.10 ;
    %load/vec4 v0xa29079f40_0;
    %cmpi/ne 1, 0, 1;
    %jmp/0xz T_6.11, 6;
    %wait E_0xa290029c0;
    %jmp T_6.10;
T_6.11 ;
    %load/vec4 v0xa29079ea0_0;
    %cmpi/e 204, 0, 8;
    %flag_get/vec4 4;
    %jmp/0 T_6.14, 4;
    %load/vec4 v0xa29079d60_0;
    %and;
T_6.14;
    %flag_set/vec4 8;
    %jmp/0xz  T_6.12, 8;
    %vpi_call 2 194 "$display", "    --> PASS: Received 0xCC, Parity Error successfully flagged!" {0 0 0};
    %jmp T_6.13;
T_6.12 ;
    %vpi_call 2 196 "$display", "    --> FAIL: Received 0x%h, Parity Err: %b", v0xa29079ea0_0, v0xa29079d60_0 {0 0 0};
T_6.13 ;
    %end;
    .scope S_0x1032a9be0;
t_6 ;
    %vpi_call 2 203 "$display", "\012[TEST CASE 5] RX Start Bit Glitch Immunity Test" {0 0 0};
    %pushi/vec4 0, 0, 1;
    %store/vec4 v0xa2907a080_0, 0, 1;
    %delay 2170000, 0;
    %pushi/vec4 1, 0, 1;
    %store/vec4 v0xa2907a080_0, 0, 1;
    %delay 104172000, 0;
    %load/vec4 v0xa29079f40_0;
    %nor/r;
    %flag_set/vec4 8;
    %jmp/0xz  T_6.15, 8;
    %vpi_call 2 212 "$display", "    --> PASS: RX correctly ignored the start bit glitch." {0 0 0};
    %jmp T_6.16;
T_6.15 ;
    %vpi_call 2 214 "$display", "    --> FAIL: RX falsely triggered on a glitch." {0 0 0};
T_6.16 ;
    %vpi_call 2 217 "$display", "\012--- SIMULATION COMPLETE ---" {0 0 0};
    %vpi_call 2 218 "$finish" {0 0 0};
    %end;
    .thread T_6;
# The file index is used to find the file name in the following table.
:file_names 7;
    "N/A";
    "<interactive>";
    "UART_tb.v";
    "UART_Duplex.v";
    "BaudGen.v";
    "Rx.v";
    "Tx.v";
